[0326/113139.272:ERROR:process_reader_win.cc(151)] SuspendThread: Erisim engellendi. (0x5)
[0326/113139.273:ERROR:process_reader_win.cc(151)] SuspendThread: Erisim engellendi. (0x5)
[0326/113139.329:ERROR:process_reader_win.cc(151)] SuspendThread: Erisim engellendi. (0x5)
[0326/113139.330:ERROR:process_reader_win.cc(151)] SuspendThread: Erisim engellendi. (0x5)
[0326/113139.274:ERROR:process_reader_win.cc(123)] NtOpenThread: {Erisim Yok} Bir islem bir nesneye erismek istedi, ancak istedigi erisimin haklari kendisine verilmis degil. (0xc0000022)
[0326/113139.330:ERROR:exception_snapshot_win.cc(98)] thread ID 17424 not found in process
[0326/113139.330:ERROR:process_reader_win.cc(123)] NtOpenThread: {Erisim Yok} Bir islem bir nesneye erismek istedi, ancak istedigi erisimin haklari kendisine verilmis degil. (0xc0000022)
[0326/113139.340:ERROR:exception_snapshot_win.cc(98)] thread ID 10060 not found in process
[0326/113139.371:ERROR:process_reader_win.cc(151)] SuspendThread: Erisim engellendi. (0x5)
[0326/113139.371:ERROR:process_reader_win.cc(151)] SuspendThread: Erisim engellendi. (0x5)
[0326/113139.371:ERROR:process_reader_win.cc(151)] SuspendThread: Erisim engellendi. (0x5)
[0326/113139.371:ERROR:process_reader_win.cc(151)] SuspendThread: Erisim engellendi. (0x5)
[0326/113139.371:ERROR:process_reader_win.cc(151)] SuspendThread: Erisim engellendi. (0x5)
[0326/113139.371:ERROR:process_reader_win.cc(151)] SuspendThread: Erisim engellendi. (0x5)
[0326/113139.371:ERROR:process_reader_win.cc(123)] NtOpenThread: {Erisim Yok} Bir islem bir nesneye erismek istedi, ancak istedigi erisimin haklari kendisine verilmis degil. (0xc0000022)
[0326/113139.371:ERROR:exception_snapshot_win.cc(98)] thread ID 12816 not found in process
[0326/113139.371:ERROR:process_reader_win.cc(151)] SuspendThread: Erisim engellendi. (0x5)
[0326/113139.371:ERROR:process_reader_win.cc(151)] SuspendThread: Erisim engellendi. (0x5)
[0326/113139.371:ERROR:process_reader_win.cc(151)] SuspendThread: Erisim engellendi. (0x5)
[0326/113139.371:ERROR:process_reader_win.cc(151)] SuspendThread: Erisim engellendi. (0x5)
[0326/113139.371:ERROR:process_reader_win.cc(151)] SuspendThread: Erisim engellendi. (0x5)
[0326/113139.371:ERROR:process_reader_win.cc(123)] NtOpenThread: {Erisim Yok} Bir islem bir nesneye erismek istedi, ancak istedigi erisimin haklari kendisine verilmis degil. (0xc0000022)
[0326/113139.372:ERROR:exception_snapshot_win.cc(98)] thread ID 23344 not found in process
[0326/113139.410:ERROR:process_reader_win.cc(151)] SuspendThread: Erisim engellendi. (0x5)
[0326/113139.410:ERROR:process_reader_win.cc(151)] SuspendThread: Erisim engellendi. (0x5)
[0326/113139.410:ERROR:process_reader_win.cc(123)] NtOpenThread: {Erisim Yok} Bir islem bir nesneye erismek istedi, ancak istedigi erisimin haklari kendisine verilmis degil. (0xc0000022)
[0326/113139.410:ERROR:exception_snapshot_win.cc(98)] thread ID 27224 not found in process
[0326/113139.487:ERROR:process_reader_win.cc(151)] SuspendThread: Erisim engellendi. (0x5)
[0326/113139.488:ERROR:process_reader_win.cc(151)] SuspendThread: Erisim engellendi. (0x5)
[0326/113139.488:ERROR:process_reader_win.cc(123)] NtOpenThread: {Erisim Yok} Bir islem bir nesneye erismek istedi, ancak istedigi erisimin haklari kendisine verilmis degil. (0xc0000022)
[0326/113139.488:ERROR:exception_snapshot_win.cc(98)] thread ID 21612 not found in process
[0326/113139.551:ERROR:process_reader_win.cc(123)] NtOpenThread: {Erisim Yok} Bir islem bir nesneye erismek istedi, ancak istedigi erisimin haklari kendisine verilmis degil. (0xc0000022)
[0326/113139.551:ERROR:exception_snapshot_win.cc(98)] thread ID 17600 not found in process
[0326/113139.581:ERROR:process_reader_win.cc(151)] SuspendThread: Erisim engellendi. (0x5)
[0326/113139.581:ERROR:process_reader_win.cc(151)] SuspendThread: Erisim engellendi. (0x5)
[0326/113139.581:ERROR:process_reader_win.cc(151)] SuspendThread: Erisim engellendi. (0x5)
[0326/113139.581:ERROR:process_reader_win.cc(151)] SuspendThread: Erisim engellendi. (0x5)
[0326/113139.581:ERROR:process_reader_win.cc(151)] SuspendThread: Erisim engellendi. (0x5)
[0326/113139.581:ERROR:process_reader_win.cc(151)] SuspendThread: Erisim engellendi. (0x5)
[0326/113139.581:ERROR:process_reader_win.cc(151)] SuspendThread: Erisim engellendi. (0x5)
[0326/113139.581:ERROR:process_reader_win.cc(151)] SuspendThread: Erisim engellendi. (0x5)
[0326/113139.581:ERROR:process_reader_win.cc(151)] SuspendThread: Erisim engellendi. (0x5)
[0326/113139.581:ERROR:process_reader_win.cc(151)] SuspendThread: Erisim engellendi. (0x5)
[0326/113139.581:ERROR:process_reader_win.cc(151)] SuspendThread: Erisim engellendi. (0x5)
[0326/113139.581:ERROR:process_reader_win.cc(151)] SuspendThread: Erisim engellendi. (0x5)
[0326/113139.581:ERROR:process_reader_win.cc(151)] SuspendThread: Erisim engellendi. (0x5)
[0326/113139.581:ERROR:process_reader_win.cc(151)] SuspendThread: Erisim engellendi. (0x5)
[0326/113139.581:ERROR:process_reader_win.cc(151)] SuspendThread: Erisim engellendi. (0x5)
[0326/113139.581:ERROR:process_reader_win.cc(151)] SuspendThread: Erisim engellendi. (0x5)
[0326/113139.581:ERROR:process_reader_win.cc(151)] SuspendThread: Erisim engellendi. (0x5)
[0326/113139.581:ERROR:process_reader_win.cc(123)] NtOpenThread: {Erisim Yok} Bir islem bir nesneye erismek istedi, ancak istedigi erisimin haklari kendisine verilmis degil. (0xc0000022)
[0326/113139.581:ERROR:exception_snapshot_win.cc(98)] thread ID 8724 not found in process
[0326/113139.750:ERROR:process_reader_win.cc(151)] SuspendThread: Erisim engellendi. (0x5)
[0326/113139.750:ERROR:process_reader_win.cc(151)] SuspendThread: Erisim engellendi. (0x5)
[0326/113139.750:ERROR:process_reader_win.cc(151)] SuspendThread: Erisim engellendi. (0x5)
[0326/113139.750:ERROR:process_reader_win.cc(151)] SuspendThread: Erisim engellendi. (0x5)
[0326/113139.750:ERROR:process_reader_win.cc(151)] SuspendThread: Erisim engellendi. (0x5)
[0326/113139.750:ERROR:process_reader_win.cc(151)] SuspendThread: Erisim engellendi. (0x5)
[0326/113139.750:ERROR:process_reader_win.cc(151)] SuspendThread: Erisim engellendi. (0x5)
[0326/113139.750:ERROR:process_reader_win.cc(151)] SuspendThread: Erisim engellendi. (0x5)
[0326/113139.750:ERROR:process_reader_win.cc(151)] SuspendThread: Erisim engellendi. (0x5)
[0326/113139.750:ERROR:process_reader_win.cc(151)] SuspendThread: Erisim engellendi. (0x5)
[0326/113139.750:ERROR:process_reader_win.cc(151)] SuspendThread: Erisim engellendi. (0x5)
[0326/113139.750:ERROR:process_reader_win.cc(151)] SuspendThread: Erisim engellendi. (0x5)
[0326/113139.750:ERROR:process_reader_win.cc(151)] SuspendThread: Erisim engellendi. (0x5)
[0326/113139.750:ERROR:process_reader_win.cc(151)] SuspendThread: Erisim engellendi. (0x5)
[0326/113139.750:ERROR:process_reader_win.cc(151)] SuspendThread: Erisim engellendi. (0x5)
[0326/113139.750:ERROR:process_reader_win.cc(151)] SuspendThread: Erisim engellendi. (0x5)
[0326/113139.750:ERROR:process_reader_win.cc(151)] SuspendThread: Erisim engellendi. (0x5)
[0326/113139.750:ERROR:process_reader_win.cc(123)] NtOpenThread: {Erisim Yok} Bir islem bir nesneye erismek istedi, ancak istedigi erisimin haklari kendisine verilmis degil. (0xc0000022)
[0326/113139.750:ERROR:process_reader_win.cc(123)] NtOpenThread: {Erisim Yok} Bir islem bir nesneye erismek istedi, ancak istedigi erisimin haklari kendisine verilmis degil. (0xc0000022)
[0326/113139.751:ERROR:exception_snapshot_win.cc(98)] thread ID 7904 not found in process
[0326/113139.811:ERROR:process_reader_win.cc(151)] SuspendThread: Erisim engellendi. (0x5)
[0326/113139.811:ERROR:process_reader_win.cc(151)] SuspendThread: Erisim engellendi. (0x5)
[0326/113139.811:ERROR:process_reader_win.cc(151)] SuspendThread: Erisim engellendi. (0x5)
[0326/113139.811:ERROR:process_reader_win.cc(151)] SuspendThread: Erisim engellendi. (0x5)
[0326/113139.811:ERROR:process_reader_win.cc(151)] SuspendThread: Erisim engellendi. (0x5)
[0326/113139.811:ERROR:process_reader_win.cc(151)] SuspendThread: Erisim engellendi. (0x5)
[0326/113139.811:ERROR:process_reader_win.cc(151)] SuspendThread: Erisim engellendi. (0x5)
[0326/113139.811:ERROR:process_reader_win.cc(151)] SuspendThread: Erisim engellendi. (0x5)
[0326/113139.811:ERROR:process_reader_win.cc(151)] SuspendThread: Erisim engellendi. (0x5)
[0326/113139.811:ERROR:process_reader_win.cc(151)] SuspendThread: Erisim engellendi. (0x5)
[0326/113139.811:ERROR:process_reader_win.cc(151)] SuspendThread: Erisim engellendi. (0x5)
[0326/113139.811:ERROR:process_reader_win.cc(151)] SuspendThread: Erisim engellendi. (0x5)
[0326/113139.811:ERROR:process_reader_win.cc(151)] SuspendThread: Erisim engellendi. (0x5)
[0326/113139.811:ERROR:process_reader_win.cc(151)] SuspendThread: Erisim engellendi. (0x5)
[0326/113139.811:ERROR:process_reader_win.cc(151)] SuspendThread: Erisim engellendi. (0x5)
[0326/113139.811:ERROR:process_reader_win.cc(123)] NtOpenThread: {Erisim Yok} Bir islem bir nesneye erismek istedi, ancak istedigi erisimin haklari kendisine verilmis degil. (0xc0000022)
[0326/113139.811:ERROR:exception_snapshot_win.cc(98)] thread ID 28628 not found in process
[0326/113139.843:ERROR:process_reader_win.cc(151)] SuspendThread: Erisim engellendi. (0x5)
[0326/113139.843:ERROR:process_reader_win.cc(151)] SuspendThread: Erisim engellendi. (0x5)
[0326/113139.843:ERROR:process_reader_win.cc(151)] SuspendThread: Erisim engellendi. (0x5)
[0326/113139.843:ERROR:process_reader_win.cc(151)] SuspendThread: Erisim engellendi. (0x5)
[0326/113139.843:ERROR:process_reader_win.cc(151)] SuspendThread: Erisim engellendi. (0x5)
[0326/113139.843:ERROR:process_reader_win.cc(151)] SuspendThread: Erisim engellendi. (0x5)
[0326/113139.843:ERROR:process_reader_win.cc(151)] SuspendThread: Erisim engellendi. (0x5)
[0326/113139.843:ERROR:process_reader_win.cc(151)] SuspendThread: Erisim engellendi. (0x5)
[0326/113139.843:ERROR:process_reader_win.cc(151)] SuspendThread: Erisim engellendi. (0x5)
[0326/113139.843:ERROR:process_reader_win.cc(151)] SuspendThread: Erisim engellendi. (0x5)
[0326/113139.843:ERROR:process_reader_win.cc(151)] SuspendThread: Erisim engellendi. (0x5)
[0326/113139.843:ERROR:process_reader_win.cc(151)] SuspendThread: Erisim engellendi. (0x5)
[0326/113139.843:ERROR:process_reader_win.cc(151)] SuspendThread: Erisim engellendi. (0x5)
[0326/113139.843:ERROR:process_reader_win.cc(151)] SuspendThread: Erisim engellendi. (0x5)
[0326/113139.844:ERROR:process_reader_win.cc(151)] SuspendThread: Erisim engellendi. (0x5)
[0326/113139.844:ERROR:process_reader_win.cc(123)] NtOpenThread: {Erisim Yok} Bir islem bir nesneye erismek istedi, ancak istedigi erisimin haklari kendisine verilmis degil. (0xc0000022)
[0326/113139.844:ERROR:exception_snapshot_win.cc(98)] thread ID 23920 not found in process
[0326/114056.941:ERROR:process_reader_win.cc(151)] SuspendThread: Erisim engellendi. (0x5)
[0326/114056.942:ERROR:process_reader_win.cc(151)] SuspendThread: Erisim engellendi. (0x5)
[0326/114056.942:ERROR:process_reader_win.cc(151)] SuspendThread: Erisim engellendi. (0x5)
[0326/114056.942:ERROR:process_reader_win.cc(151)] SuspendThread: Erisim engellendi. (0x5)
[0326/114056.942:ERROR:process_reader_win.cc(151)] SuspendThread: Erisim engellendi. (0x5)
[0326/114056.942:ERROR:process_reader_win.cc(151)] SuspendThread: Erisim engellendi. (0x5)
[0326/114056.942:ERROR:process_reader_win.cc(123)] NtOpenThread: {Erisim Yok} Bir islem bir nesneye erismek istedi, ancak istedigi erisimin haklari kendisine verilmis degil. (0xc0000022)
[0326/114056.942:ERROR:exception_snapshot_win.cc(98)] thread ID 20124 not found in process
[0326/114056.957:ERROR:process_reader_win.cc(123)] NtOpenThread: {Erisim Yok} Bir islem bir nesneye erismek istedi, ancak istedigi erisimin haklari kendisine verilmis degil. (0xc0000022)
[0326/114056.958:ERROR:exception_snapshot_win.cc(98)] thread ID 13596 not found in process
[0326/114057.085:ERROR:process_reader_win.cc(151)] SuspendThread: Erisim engellendi. (0x5)
[0326/114057.085:ERROR:process_reader_win.cc(151)] SuspendThread: Erisim engellendi. (0x5)
[0326/114057.085:ERROR:process_reader_win.cc(123)] NtOpenThread: {Erisim Yok} Bir islem bir nesneye erismek istedi, ancak istedigi erisimin haklari kendisine verilmis degil. (0xc0000022)
[0326/114057.085:ERROR:exception_snapshot_win.cc(98)] thread ID 21872 not found in process
[0326/114057.103:ERROR:process_reader_win.cc(151)] SuspendThread: Erisim engellendi. (0x5)
[0326/114057.104:ERROR:process_reader_win.cc(151)] SuspendThread: Erisim engellendi. (0x5)
[0326/114057.104:ERROR:process_reader_win.cc(123)] NtOpenThread: {Erisim Yok} Bir islem bir nesneye erismek istedi, ancak istedigi erisimin haklari kendisine verilmis degil. (0xc0000022)
[0326/114057.104:ERROR:exception_snapshot_win.cc(98)] thread ID 22324 not found in process
[0326/114057.110:ERROR:process_reader_win.cc(151)] SuspendThread: Erisim engellendi. (0x5)
[0326/114057.110:ERROR:process_reader_win.cc(151)] SuspendThread: Erisim engellendi. (0x5)
[0326/114057.110:ERROR:process_reader_win.cc(123)] NtOpenThread: {Erisim Yok} Bir islem bir nesneye erismek istedi, ancak istedigi erisimin haklari kendisine verilmis degil. (0xc0000022)
[0326/114057.110:ERROR:exception_snapshot_win.cc(98)] thread ID 23388 not found in process
[0326/114057.125:ERROR:process_reader_win.cc(151)] SuspendThread: Erisim engellendi. (0x5)
[0326/114057.125:ERROR:process_reader_win.cc(151)] SuspendThread: Erisim engellendi. (0x5)
[0326/114057.125:ERROR:process_reader_win.cc(123)] NtOpenThread: {Erisim Yok} Bir islem bir nesneye erismek istedi, ancak istedigi erisimin haklari kendisine verilmis degil. (0xc0000022)
[0326/114057.125:ERROR:exception_snapshot_win.cc(98)] thread ID 9252 not found in process
[0326/114057.207:ERROR:process_reader_win.cc(151)] SuspendThread: Erisim engellendi. (0x5)
[0326/114057.207:ERROR:process_reader_win.cc(151)] SuspendThread: Erisim engellendi. (0x5)
[0326/114057.207:ERROR:process_reader_win.cc(151)] SuspendThread: Erisim engellendi. (0x5)
[0326/114057.207:ERROR:process_reader_win.cc(151)] SuspendThread: Erisim engellendi. (0x5)
[0326/114057.207:ERROR:process_reader_win.cc(151)] SuspendThread: Erisim engellendi. (0x5)
[0326/114057.207:ERROR:process_reader_win.cc(123)] NtOpenThread: {Erisim Yok} Bir islem bir nesneye erismek istedi, ancak istedigi erisimin haklari kendisine verilmis degil. (0xc0000022)
[0326/114057.207:ERROR:exception_snapshot_win.cc(98)] thread ID 21336 not found in process
[0326/114057.350:ERROR:process_reader_win.cc(151)] SuspendThread: Erisim engellendi. (0x5)
[0326/114057.351:ERROR:process_reader_win.cc(151)] SuspendThread: Erisim engellendi. (0x5)
[0326/114057.351:ERROR:process_reader_win.cc(151)] SuspendThread: Erisim engellendi. (0x5)
[0326/114057.351:ERROR:process_reader_win.cc(151)] SuspendThread: Erisim engellendi. (0x5)
[0326/114057.351:ERROR:process_reader_win.cc(151)] SuspendThread: Erisim engellendi. (0x5)
[0326/114057.351:ERROR:process_reader_win.cc(151)] SuspendThread: Erisim engellendi. (0x5)
[0326/114057.351:ERROR:process_reader_win.cc(151)] SuspendThread: Erisim engellendi. (0x5)
[0326/114057.351:ERROR:process_reader_win.cc(151)] SuspendThread: Erisim engellendi. (0x5)
[0326/114057.351:ERROR:process_reader_win.cc(151)] SuspendThread: Erisim engellendi. (0x5)
[0326/114057.351:ERROR:process_reader_win.cc(151)] SuspendThread: Erisim engellendi. (0x5)
[0326/114057.351:ERROR:process_reader_win.cc(151)] SuspendThread: Erisim engellendi. (0x5)
[0326/114057.351:ERROR:process_reader_win.cc(151)] SuspendThread: Erisim engellendi. (0x5)
[0326/114057.351:ERROR:process_reader_win.cc(151)] SuspendThread: Erisim engellendi. (0x5)
[0326/114057.351:ERROR:process_reader_win.cc(151)] SuspendThread: Erisim engellendi. (0x5)
[0326/114057.351:ERROR:process_reader_win.cc(151)] SuspendThread: Erisim engellendi. (0x5)
[0326/114057.351:ERROR:process_reader_win.cc(151)] SuspendThread: Erisim engellendi. (0x5)
[0326/114057.351:ERROR:process_reader_win.cc(123)] NtOpenThread: {Erisim Yok} Bir islem bir nesneye erismek istedi, ancak istedigi erisimin haklari kendisine verilmis degil. (0xc0000022)
[0326/114057.351:ERROR:process_reader_win.cc(123)] NtOpenThread: {Erisim Yok} Bir islem bir nesneye erismek istedi, ancak istedigi erisimin haklari kendisine verilmis degil. (0xc0000022)
[0326/114057.351:ERROR:exception_snapshot_win.cc(98)] thread ID 9120 not found in process
[0326/114057.434:ERROR:process_reader_win.cc(151)] SuspendThread: Erisim engellendi. (0x5)
[0326/114057.434:ERROR:process_reader_win.cc(151)] SuspendThread: Erisim engellendi. (0x5)
[0326/114057.434:ERROR:process_reader_win.cc(151)] SuspendThread: Erisim engellendi. (0x5)
[0326/114057.434:ERROR:process_reader_win.cc(151)] SuspendThread: Erisim engellendi. (0x5)
[0326/114057.434:ERROR:process_reader_win.cc(151)] SuspendThread: Erisim engellendi. (0x5)
[0326/114057.434:ERROR:process_reader_win.cc(151)] SuspendThread: Erisim engellendi. (0x5)
[0326/114057.434:ERROR:process_reader_win.cc(151)] SuspendThread: Erisim engellendi. (0x5)
[0326/114057.434:ERROR:process_reader_win.cc(151)] SuspendThread: Erisim engellendi. (0x5)
[0326/114057.434:ERROR:process_reader_win.cc(151)] SuspendThread: Erisim engellendi. (0x5)
[0326/114057.434:ERROR:process_reader_win.cc(151)] SuspendThread: Erisim engellendi. (0x5)
[0326/114057.434:ERROR:process_reader_win.cc(151)] SuspendThread: Erisim engellendi. (0x5)
[0326/114057.434:ERROR:process_reader_win.cc(151)] SuspendThread: Erisim engellendi. (0x5)
[0326/114057.434:ERROR:process_reader_win.cc(151)] SuspendThread: Erisim engellendi. (0x5)
[0326/114057.434:ERROR:process_reader_win.cc(151)] SuspendThread: Erisim engellendi. (0x5)
[0326/114057.434:ERROR:process_reader_win.cc(151)] SuspendThread: Erisim engellendi. (0x5)
[0326/114057.434:ERROR:process_reader_win.cc(151)] SuspendThread: Erisim engellendi. (0x5)
[0326/114057.434:ERROR:process_reader_win.cc(123)] NtOpenThread: {Erisim Yok} Bir islem bir nesneye erismek istedi, ancak istedigi erisimin haklari kendisine verilmis degil. (0xc0000022)
[0326/114057.434:ERROR:exception_snapshot_win.cc(98)] thread ID 18924 not found in process
[0326/114057.527:ERROR:process_reader_win.cc(151)] SuspendThread: Erisim engellendi. (0x5)
[0326/114057.527:ERROR:process_reader_win.cc(151)] SuspendThread: Erisim engellendi. (0x5)
[0326/114057.527:ERROR:process_reader_win.cc(151)] SuspendThread: Erisim engellendi. (0x5)
[0326/114057.527:ERROR:process_reader_win.cc(151)] SuspendThread: Erisim engellendi. (0x5)
[0326/114057.528:ERROR:process_reader_win.cc(151)] SuspendThread: Erisim engellendi. (0x5)
[0326/114057.528:ERROR:process_reader_win.cc(151)] SuspendThread: Erisim engellendi. (0x5)
[0326/114057.528:ERROR:process_reader_win.cc(151)] SuspendThread: Erisim engellendi. (0x5)
[0326/114057.528:ERROR:process_reader_win.cc(151)] SuspendThread: Erisim engellendi. (0x5)
[0326/114057.528:ERROR:process_reader_win.cc(151)] SuspendThread: Erisim engellendi. (0x5)
[0326/114057.528:ERROR:process_reader_win.cc(151)] SuspendThread: Erisim engellendi. (0x5)
[0326/114057.528:ERROR:process_reader_win.cc(151)] SuspendThread: Erisim engellendi. (0x5)
[0326/114057.528:ERROR:process_reader_win.cc(151)] SuspendThread: Erisim engellendi. (0x5)
[0326/114057.528:ERROR:process_reader_win.cc(151)] SuspendThread: Erisim engellendi. (0x5)
[0326/114057.528:ERROR:process_reader_win.cc(151)] SuspendThread: Erisim engellendi. (0x5)
[0326/114057.528:ERROR:process_reader_win.cc(151)] SuspendThread: Erisim engellendi. (0x5)
[0326/114057.528:ERROR:process_reader_win.cc(151)] SuspendThread: Erisim engellendi. (0x5)
[0326/114057.528:ERROR:process_reader_win.cc(123)] NtOpenThread: {Erisim Yok} Bir islem bir nesneye erismek istedi, ancak istedigi erisimin haklari kendisine verilmis degil. (0xc0000022)
[0326/114057.528:ERROR:exception_snapshot_win.cc(98)] thread ID 11588 not found in process
[0326/114057.576:ERROR:process_reader_win.cc(151)] SuspendThread: Erisim engellendi. (0x5)
[0326/114057.576:ERROR:process_reader_win.cc(151)] SuspendThread: Erisim engellendi. (0x5)
[0326/114057.576:ERROR:process_reader_win.cc(151)] SuspendThread: Erisim engellendi. (0x5)
[0326/114057.576:ERROR:process_reader_win.cc(151)] SuspendThread: Erisim engellendi. (0x5)
[0326/114057.576:ERROR:process_reader_win.cc(151)] SuspendThread: Erisim engellendi. (0x5)
[0326/114057.576:ERROR:process_reader_win.cc(151)] SuspendThread: Erisim engellendi. (0x5)
[0326/114057.576:ERROR:process_reader_win.cc(151)] SuspendThread: Erisim engellendi. (0x5)
[0326/114057.576:ERROR:process_reader_win.cc(151)] SuspendThread: Erisim engellendi. (0x5)
[0326/114057.576:ERROR:process_reader_win.cc(151)] SuspendThread: Erisim engellendi. (0x5)
[0326/114057.576:ERROR:process_reader_win.cc(151)] SuspendThread: Erisim engellendi. (0x5)
[0326/114057.576:ERROR:process_reader_win.cc(151)] SuspendThread: Erisim engellendi. (0x5)
[0326/114057.576:ERROR:process_reader_win.cc(151)] SuspendThread: Erisim engellendi. (0x5)
[0326/114057.576:ERROR:process_reader_win.cc(151)] SuspendThread: Erisim engellendi. (0x5)
[0326/114057.576:ERROR:process_reader_win.cc(151)] SuspendThread: Erisim engellendi. (0x5)
[0326/114057.576:ERROR:process_reader_win.cc(151)] SuspendThread: Erisim engellendi. (0x5)
[0326/114057.577:ERROR:process_reader_win.cc(123)] NtOpenThread: {Erisim Yok} Bir islem bir nesneye erismek istedi, ancak istedigi erisimin haklari kendisine verilmis degil. (0xc0000022)
[0326/114057.577:ERROR:exception_snapshot_win.cc(98)] thread ID 19288 not found in process
[0326/115153.570:ERROR:process_reader_win.cc(151)] SuspendThread: Erisim engellendi. (0x5)
[0326/115153.571:ERROR:process_reader_win.cc(151)] SuspendThread: Erisim engellendi. (0x5)
[0326/115153.571:ERROR:process_reader_win.cc(123)] NtOpenThread: {Erisim Yok} Bir islem bir nesneye erismek istedi, ancak istedigi erisimin haklari kendisine verilmis degil. (0xc0000022)
[0326/115153.571:ERROR:exception_snapshot_win.cc(98)] thread ID 25160 not found in process
[0326/115153.686:ERROR:process_reader_win.cc(151)] SuspendThread: Erisim engellendi. (0x5)
[0326/115153.687:ERROR:process_reader_win.cc(151)] SuspendThread: Erisim engellendi. (0x5)
[0326/115153.687:ERROR:process_reader_win.cc(151)] SuspendThread: Erisim engellendi. (0x5)
[0326/115153.687:ERROR:process_reader_win.cc(123)] NtOpenThread: {Erisim Yok} Bir islem bir nesneye erismek istedi, ancak istedigi erisimin haklari kendisine verilmis degil. (0xc0000022)
[0326/115153.687:ERROR:exception_snapshot_win.cc(98)] thread ID 25740 not found in process
[0326/115153.779:ERROR:process_reader_win.cc(151)] SuspendThread: Erisim engellendi. (0x5)
[0326/115153.779:ERROR:process_reader_win.cc(151)] SuspendThread: Erisim engellendi. (0x5)
[0326/115153.779:ERROR:process_reader_win.cc(151)] SuspendThread: Erisim engellendi. (0x5)
[0326/115153.779:ERROR:process_reader_win.cc(123)] NtOpenThread: {Erisim Yok} Bir islem bir nesneye erismek istedi, ancak istedigi erisimin haklari kendisine verilmis degil. (0xc0000022)
[0326/115153.779:ERROR:exception_snapshot_win.cc(98)] thread ID 26496 not found in process
[0326/115153.809:ERROR:process_reader_win.cc(123)] NtOpenThread: {Erisim Yok} Bir islem bir nesneye erismek istedi, ancak istedigi erisimin haklari kendisine verilmis degil. (0xc0000022)
[0326/115153.809:ERROR:exception_snapshot_win.cc(98)] thread ID 23532 not found in process
[0326/115153.908:ERROR:process_reader_win.cc(123)] NtOpenThread: {Erisim Yok} Bir islem bir nesneye erismek istedi, ancak istedigi erisimin haklari kendisine verilmis degil. (0xc0000022)
[0326/115153.908:ERROR:exception_snapshot_win.cc(98)] thread ID 3448 not found in process
[0326/115154.004:ERROR:process_reader_win.cc(123)] NtOpenThread: {Erisim Yok} Bir islem bir nesneye erismek istedi, ancak istedigi erisimin haklari kendisine verilmis degil. (0xc0000022)
[0326/115154.004:ERROR:exception_snapshot_win.cc(98)] thread ID 5872 not found in process
[0327/093020.964:ERROR:process_reader_win.cc(123)] NtOpenThread: {Erisim Yok} Bir islem bir nesneye erismek istedi, ancak istedigi erisimin haklari kendisine verilmis degil. (0xc0000022)
[0327/093020.964:ERROR:exception_snapshot_win.cc(98)] thread ID 8248 not found in process
[0327/093021.064:ERROR:process_reader_win.cc(123)] NtOpenThread: {Erisim Yok} Bir islem bir nesneye erismek istedi, ancak istedigi erisimin haklari kendisine verilmis degil. (0xc0000022)
[0327/093021.064:ERROR:exception_snapshot_win.cc(98)] thread ID 22944 not found in process
[0327/105634.004:ERROR:process_reader_win.cc(151)] SuspendThread: Erisim engellendi. (0x5)
[0327/105634.005:ERROR:process_reader_win.cc(151)] SuspendThread: Erisim engellendi. (0x5)
[0327/105634.005:ERROR:process_reader_win.cc(123)] NtOpenThread: {Erisim Yok} Bir islem bir nesneye erismek istedi, ancak istedigi erisimin haklari kendisine verilmis degil. (0xc0000022)
[0327/105634.005:ERROR:exception_snapshot_win.cc(98)] thread ID 19920 not found in process
[0327/105635.583:ERROR:process_reader_win.cc(151)] SuspendThread: Erisim engellendi. (0x5)
[0327/105635.584:ERROR:process_reader_win.cc(123)] NtOpenThread: {Erisim Yok} Bir islem bir nesneye erismek istedi, ancak istedigi erisimin haklari kendisine verilmis degil. (0xc0000022)
[0327/105635.584:ERROR:exception_snapshot_win.cc(98)] thread ID 22276 not found in process
[0327/105636.288:ERROR:process_reader_win.cc(151)] SuspendThread: Erisim engellendi. (0x5)
[0327/105636.289:ERROR:process_reader_win.cc(151)] SuspendThread: Erisim engellendi. (0x5)
[0327/105636.289:ERROR:process_reader_win.cc(151)] SuspendThread: Erisim engellendi. (0x5)
[0327/105636.289:ERROR:process_reader_win.cc(123)] NtOpenThread: {Erisim Yok} Bir islem bir nesneye erismek istedi, ancak istedigi erisimin haklari kendisine verilmis degil. (0xc0000022)
[0327/105636.289:ERROR:exception_snapshot_win.cc(98)] thread ID 25768 not found in process
[0401/150750.926:ERROR:process_reader_win.cc(151)] SuspendThread: Erisim engellendi. (0x5)
[0401/150750.933:ERROR:process_reader_win.cc(123)] NtOpenThread: {Erisim Yok} Bir islem bir nesneye erismek istedi, ancak istedigi erisimin haklari kendisine verilmis degil. (0xc0000022)
[0401/150750.934:ERROR:exception_snapshot_win.cc(98)] thread ID 32188 not found in process
[0401/150750.990:ERROR:process_reader_win.cc(151)] SuspendThread: Erisim engellendi. (0x5)
[0401/150750.991:ERROR:process_reader_win.cc(151)] SuspendThread: Erisim engellendi. (0x5)
[0401/150750.991:ERROR:process_reader_win.cc(123)] NtOpenThread: {Erisim Yok} Bir islem bir nesneye erismek istedi, ancak istedigi erisimin haklari kendisine verilmis degil. (0xc0000022)
[0401/150750.991:ERROR:exception_snapshot_win.cc(98)] thread ID 38232 not found in process
[0401/150751.049:ERROR:process_reader_win.cc(151)] SuspendThread: Erisim engellendi. (0x5)
[0401/150751.050:ERROR:process_reader_win.cc(151)] SuspendThread: Erisim engellendi. (0x5)
[0401/150751.050:ERROR:process_reader_win.cc(151)] SuspendThread: Erisim engellendi. (0x5)
[0401/150751.050:ERROR:process_reader_win.cc(151)] SuspendThread: Erisim engellendi. (0x5)
[0401/150751.050:ERROR:process_reader_win.cc(151)] SuspendThread: Erisim engellendi. (0x5)
[0401/150751.050:ERROR:process_reader_win.cc(151)] SuspendThread: Erisim engellendi. (0x5)
[0401/150751.050:ERROR:process_reader_win.cc(123)] NtOpenThread: {Erisim Yok} Bir islem bir nesneye erismek istedi, ancak istedigi erisimin haklari kendisine verilmis degil. (0xc0000022)
[0401/150751.050:ERROR:exception_snapshot_win.cc(98)] thread ID 23304 not found in process
[0401/150751.077:ERROR:process_reader_win.cc(151)] SuspendThread: Erisim engellendi. (0x5)
[0401/150751.077:ERROR:process_reader_win.cc(151)] SuspendThread: Erisim engellendi. (0x5)
[0401/150751.077:ERROR:process_reader_win.cc(151)] SuspendThread: Erisim engellendi. (0x5)
[0401/150751.077:ERROR:process_reader_win.cc(151)] SuspendThread: Erisim engellendi. (0x5)
[0401/150751.077:ERROR:process_reader_win.cc(123)] NtOpenThread: {Erisim Yok} Bir islem bir nesneye erismek istedi, ancak istedigi erisimin haklari kendisine verilmis degil. (0xc0000022)
[0401/150751.077:ERROR:exception_snapshot_win.cc(98)] thread ID 39532 not found in process
[0401/153735.309:ERROR:process_reader_win.cc(123)] NtOpenThread: {Erisim Yok} Bir islem bir nesneye erismek istedi, ancak istedigi erisimin haklari kendisine verilmis degil. (0xc0000022)
[0401/153735.324:ERROR:exception_snapshot_win.cc(98)] thread ID 10624 not found in process
[0401/153735.985:ERROR:process_reader_win.cc(123)] NtOpenThread: {Erisim Yok} Bir islem bir nesneye erismek istedi, ancak istedigi erisimin haklari kendisine verilmis degil. (0xc0000022)
[0401/153735.991:ERROR:exception_snapshot_win.cc(98)] thread ID 16764 not found in process
[0401/153736.499:ERROR:process_reader_win.cc(151)] SuspendThread: Erisim engellendi. (0x5)
[0401/153736.502:ERROR:process_reader_win.cc(151)] SuspendThread: Erisim engellendi. (0x5)
[0401/153736.502:ERROR:process_reader_win.cc(151)] SuspendThread: Erisim engellendi. (0x5)
[0401/153736.502:ERROR:process_reader_win.cc(151)] SuspendThread: Erisim engellendi. (0x5)
[0401/153736.502:ERROR:process_reader_win.cc(151)] SuspendThread: Erisim engellendi. (0x5)
[0401/153736.503:ERROR:process_reader_win.cc(123)] NtOpenThread: {Erisim Yok} Bir islem bir nesneye erismek istedi, ancak istedigi erisimin haklari kendisine verilmis degil. (0xc0000022)
[0401/153736.504:ERROR:exception_snapshot_win.cc(98)] thread ID 39620 not found in process
[0401/153736.534:ERROR:process_reader_win.cc(151)] SuspendThread: Erisim engellendi. (0x5)
[0401/153736.537:ERROR:process_reader_win.cc(151)] SuspendThread: Erisim engellendi. (0x5)
[0401/153736.538:ERROR:process_reader_win.cc(151)] SuspendThread: Erisim engellendi. (0x5)
[0401/153736.538:ERROR:process_reader_win.cc(123)] NtOpenThread: {Erisim Yok} Bir islem bir nesneye erismek istedi, ancak istedigi erisimin haklari kendisine verilmis degil. (0xc0000022)
[0401/153736.538:ERROR:exception_snapshot_win.cc(98)] thread ID 10724 not found in process
[0401/153737.089:ERROR:process_reader_win.cc(123)] NtOpenThread: {Erisim Yok} Bir islem bir nesneye erismek istedi, ancak istedigi erisimin haklari kendisine verilmis degil. (0xc0000022)
[0401/153737.092:ERROR:exception_snapshot_win.cc(98)] thread ID 7964 not found in process
[0407/100215.748:ERROR:process_reader_win.cc(123)] NtOpenThread: {Erisim Yok} Bir islem bir nesneye erismek istedi, ancak istedigi erisimin haklari kendisine verilmis degil. (0xc0000022)
[0407/100215.748:ERROR:exception_snapshot_win.cc(98)] thread ID 21128 not found in process
[0407/100215.904:ERROR:process_reader_win.cc(123)] NtOpenThread: {Erisim Yok} Bir islem bir nesneye erismek istedi, ancak istedigi erisimin haklari kendisine verilmis degil. (0xc0000022)
[0407/100215.904:ERROR:exception_snapshot_win.cc(98)] thread ID 14568 not found in process
[0407/180300.395:ERROR:process_info.cc(329)] VirtualQueryEx: Erisim engellendi. (0x5)
[0407/180300.396:ERROR:process_info.cc(556)] ReadMemoryInfo failed
[0407/180300.396:ERROR:scoped_process_suspend.cc(40)] NtResumeProcess: Sona ermekte olan bir isleme erismeye çalisildi. (0xc000010a)
[0408/175156.030:ERROR:process_reader_win.cc(151)] SuspendThread: Erisim engellendi. (0x5)
[0408/175156.031:ERROR:process_reader_win.cc(151)] SuspendThread: Erisim engellendi. (0x5)
[0408/175156.031:ERROR:process_reader_win.cc(123)] NtOpenThread: {Erisim Yok} Bir islem bir nesneye erismek istedi, ancak istedigi erisimin haklari kendisine verilmis degil. (0xc0000022)
[0408/175156.032:ERROR:exception_snapshot_win.cc(98)] thread ID 27540 not found in process
[0408/175156.610:ERROR:process_reader_win.cc(123)] NtOpenThread: {Erisim Yok} Bir islem bir nesneye erismek istedi, ancak istedigi erisimin haklari kendisine verilmis degil. (0xc0000022)
[0408/175156.611:ERROR:exception_snapshot_win.cc(98)] thread ID 27828 not found in process
[0410/113921.225:ERROR:process_info.cc(329)] VirtualQueryEx: Erisim engellendi. (0x5)
[0410/113921.227:ERROR:process_info.cc(556)] ReadMemoryInfo failed
[0410/113921.227:ERROR:scoped_process_suspend.cc(40)] NtResumeProcess: Sona ermekte olan bir isleme erismeye çalisildi. (0xc000010a)
[0416/170259.078:ERROR:process_reader_win.cc(123)] NtOpenThread: {Erisim Yok} Bir islem bir nesneye erismek istedi, ancak istedigi erisimin haklari kendisine verilmis degil. (0xc0000022)
[0416/170259.079:ERROR:exception_snapshot_win.cc(98)] thread ID 38112 not found in process
[0416/170259.135:ERROR:process_reader_win.cc(123)] NtOpenThread: {Erisim Yok} Bir islem bir nesneye erismek istedi, ancak istedigi erisimin haklari kendisine verilmis degil. (0xc0000022)
[0416/170259.136:ERROR:exception_snapshot_win.cc(98)] thread ID 37232 not found in process
[0420/145658.847:ERROR:process_reader_win.cc(123)] NtOpenThread: {Erisim Yok} Bir islem bir nesneye erismek istedi, ancak istedigi erisimin haklari kendisine verilmis degil. (0xc0000022)
[0420/145658.843:ERROR:process_reader_win.cc(123)] NtOpenThread: {Erisim Yok} Bir islem bir nesneye erismek istedi, ancak istedigi erisimin haklari kendisine verilmis degil. (0xc0000022)
[0420/145658.851:ERROR:exception_snapshot_win.cc(98)] thread ID 16496 not found in process
[0420/145658.851:ERROR:exception_snapshot_win.cc(98)] thread ID 12828 not found in process
[0420/151057.182:ERROR:process_reader_win.cc(123)] NtOpenThread: {Erisim Yok} Bir islem bir nesneye erismek istedi, ancak istedigi erisimin haklari kendisine verilmis degil. (0xc0000022)
[0420/151057.182:ERROR:exception_snapshot_win.cc(98)] thread ID 17700 not found in process
[0420/151057.222:ERROR:process_reader_win.cc(123)] NtOpenThread: {Erisim Yok} Bir islem bir nesneye erismek istedi, ancak istedigi erisimin haklari kendisine verilmis degil. (0xc0000022)
[0420/151057.222:ERROR:exception_snapshot_win.cc(98)] thread ID 17696 not found in process
[0420/152202.544:ERROR:process_reader_win.cc(123)] NtOpenThread: {Erisim Yok} Bir islem bir nesneye erismek istedi, ancak istedigi erisimin haklari kendisine verilmis degil. (0xc0000022)
[0420/152202.545:ERROR:exception_snapshot_win.cc(98)] thread ID 9888 not found in process
[0420/152202.643:ERROR:process_reader_win.cc(123)] NtOpenThread: {Erisim Yok} Bir islem bir nesneye erismek istedi, ancak istedigi erisimin haklari kendisine verilmis degil. (0xc0000022)
[0420/152202.643:ERROR:exception_snapshot_win.cc(98)] thread ID 18048 not found in process
[0420/154702.081:ERROR:process_reader_win.cc(123)] NtOpenThread: {Erisim Yok} Bir islem bir nesneye erismek istedi, ancak istedigi erisimin haklari kendisine verilmis degil. (0xc0000022)
[0420/154702.082:ERROR:exception_snapshot_win.cc(98)] thread ID 11232 not found in process
[0420/154702.163:ERROR:process_reader_win.cc(123)] NtOpenThread: {Erisim Yok} Bir islem bir nesneye erismek istedi, ancak istedigi erisimin haklari kendisine verilmis degil. (0xc0000022)
[0420/154702.164:ERROR:exception_snapshot_win.cc(98)] thread ID 9136 not found in process
[0504/123805.673:ERROR:process_reader_win.cc(123)] NtOpenThread: {Erisim Yok} Bir islem bir nesneye erismek istedi, ancak istedigi erisimin haklari kendisine verilmis degil. (0xc0000022)
[0504/123805.675:ERROR:exception_snapshot_win.cc(98)] thread ID 18156 not found in process
[0504/123805.681:ERROR:process_reader_win.cc(123)] NtOpenThread: {Erisim Yok} Bir islem bir nesneye erismek istedi, ancak istedigi erisimin haklari kendisine verilmis degil. (0xc0000022)
[0504/123805.682:ERROR:exception_snapshot_win.cc(98)] thread ID 10932 not found in process
[0616/165546.738:ERROR:process_reader_win.cc(123)] NtOpenThread: {Erisim Yok} Bir islem bir nesneye erismek istedi, ancak istedigi erisimin haklari kendisine verilmis degil. (0xc0000022)
[0616/165546.739:ERROR:exception_snapshot_win.cc(98)] thread ID 14284 not found in process
[0616/165546.767:ERROR:process_reader_win.cc(151)] SuspendThread: Erisim engellendi. (0x5)
[0616/165546.768:ERROR:process_reader_win.cc(123)] NtOpenThread: {Erisim Yok} Bir islem bir nesneye erismek istedi, ancak istedigi erisimin haklari kendisine verilmis degil. (0xc0000022)
[0616/165546.768:ERROR:exception_snapshot_win.cc(98)] thread ID 12532 not found in process
[0616/165546.788:ERROR:process_reader_win.cc(151)] SuspendThread: Erisim engellendi. (0x5)
[0616/165546.788:ERROR:process_reader_win.cc(151)] SuspendThread: Erisim engellendi. (0x5)
[0616/165546.788:ERROR:process_reader_win.cc(151)] SuspendThread: Erisim engellendi. (0x5)
[0616/165546.788:ERROR:process_reader_win.cc(151)] SuspendThread: Erisim engellendi. (0x5)
[0616/165546.788:ERROR:process_reader_win.cc(123)] NtOpenThread: {Erisim Yok} Bir islem bir nesneye erismek istedi, ancak istedigi erisimin haklari kendisine verilmis degil. (0xc0000022)
[0616/165546.789:ERROR:exception_snapshot_win.cc(98)] thread ID 14504 not found in process
